<?xml version="1.0" encoding="UTF-8"?>
<testng-results ignored="0" total="1" passed="1" failed="0" skipped="0">
  <reporter-output>
  </reporter-output>
  <suite started-at="2023-11-09T19:04:49 IST" name="Default suite" finished-at="2023-11-09T19:05:20 IST" duration-ms="30527">
    <groups>
    </groups>
    <test started-at="2023-11-09T19:04:49 IST" name="Default test" finished-at="2023-11-09T19:05:20 IST" duration-ms="30527">
      <class name="tests.BStackAppium">
        <test-method signature="test()[pri:0, instance:tests.BStackAppium@1622f1b]" started-at="2023-11-09T19:04:49 IST" name="test" finished-at="2023-11-09T19:05:20 IST" duration-ms="30507" status="PASS">
          <reporter-output>
          </reporter-output>
        </test-method> <!-- test -->
      </class> <!-- tests.BStackAppium -->
    </test> <!-- Default test -->
  </suite> <!-- Default suite -->
</testng-results>
